  [4;36;1mSQL (0.1ms)[0m   [0;1mSET NAMES 'utf8'[0m
  [4;35;1mSQL (0.1ms)[0m   [0mSET SQL_AUTO_IS_NULL=0[0m
  [4;36;1mSQL (0.2ms)[0m   [0;1mSHOW TABLES[0m
  [4;35;1mSQL (0.1ms)[0m   [0mSELECT version FROM schema_migrations[0m
Migrating to CreateExpenses (20090714170636)
  [4;36;1mSQL (0.0ms)[0m   [0;1mMysql::Error: Table 'expenses' already exists: CREATE TABLE `expenses` (`id` int(11) DEFAULT NULL auto_increment PRIMARY KEY, `description` varchar(255), `amount` float, `category` varchar(255), `bancomat` tinyint(1), `ufficio` tinyint(1), `buoni` int(11), `created_at` datetime, `updated_at` datetime) ENGINE=InnoDB[0m
  [4;36;1mSQL (0.1ms)[0m   [0;1mSET NAMES 'utf8'[0m
  [4;35;1mSQL (0.1ms)[0m   [0mSET SQL_AUTO_IS_NULL=0[0m
  [4;36;1mSQL (0.2ms)[0m   [0;1mSHOW TABLES[0m
  [4;35;1mSQL (0.1ms)[0m   [0mSELECT version FROM schema_migrations[0m
Migrating to CreateExpenses (20090714170636)
  [4;36;1mSQL (0.0ms)[0m   [0;1mMysql::Error: Table 'expenses' already exists: CREATE TABLE `expenses` (`id` int(11) DEFAULT NULL auto_increment PRIMARY KEY, `description` varchar(255), `amount` float, `category` varchar(255), `bancomat` tinyint(1), `ufficio` tinyint(1), `buoni` int(11), `created_at` datetime, `updated_at` datetime) ENGINE=InnoDB[0m
  [4;36;1mSQL (0.1ms)[0m   [0;1mSET NAMES 'utf8'[0m
  [4;35;1mSQL (0.1ms)[0m   [0mSET SQL_AUTO_IS_NULL=0[0m
  [4;36;1mSQL (0.2ms)[0m   [0;1mSHOW TABLES[0m
  [4;35;1mSQL (254.7ms)[0m   [0mCREATE TABLE `schema_migrations` (`version` varchar(255) NOT NULL) ENGINE=InnoDB[0m
  [4;36;1mSQL (292.5ms)[0m   [0;1mCREATE UNIQUE INDEX `unique_schema_migrations` ON `schema_migrations` (`version`)[0m
  [4;35;1mSQL (0.4ms)[0m   [0mSHOW TABLES[0m
  [4;36;1mSQL (4.0ms)[0m   [0;1mSELECT version FROM schema_migrations[0m
Migrating to CreateExpenses (20090714170636)
  [4;35;1mSQL (111.7ms)[0m   [0mCREATE TABLE `expenses` (`id` int(11) DEFAULT NULL auto_increment PRIMARY KEY, `description` varchar(255), `amount` float, `category` varchar(255), `bancomat` tinyint(1), `ufficio` tinyint(1), `buoni` int(11), `created_at` datetime, `updated_at` datetime) ENGINE=InnoDB[0m
  [4;36;1mSQL (55.3ms)[0m   [0;1mINSERT INTO schema_migrations (version) VALUES ('20090714170636')[0m
Migrating to AddDateToExpenses (20090714170717)
  [4;35;1mSQL (0.0ms)[0m   [0mMysql::Error: Table 'finanze_development.expense' doesn't exist: ALTER TABLE `expense` ADD `date` date[0m
  [4;36;1mSQL (0.1ms)[0m   [0;1mSET NAMES 'utf8'[0m
  [4;35;1mSQL (0.1ms)[0m   [0mSET SQL_AUTO_IS_NULL=0[0m
  [4;36;1mSQL (0.2ms)[0m   [0;1mSHOW TABLES[0m
  [4;35;1mSQL (0.2ms)[0m   [0mSELECT version FROM schema_migrations[0m
  [4;36;1mSQL (0.1ms)[0m   [0;1mSET NAMES 'utf8'[0m
  [4;35;1mSQL (0.1ms)[0m   [0mSET SQL_AUTO_IS_NULL=0[0m
  [4;36;1mSQL (0.2ms)[0m   [0;1mSHOW TABLES[0m
  [4;35;1mSQL (137.2ms)[0m   [0mCREATE TABLE `schema_migrations` (`version` varchar(255) NOT NULL) ENGINE=InnoDB[0m
  [4;36;1mSQL (256.2ms)[0m   [0;1mCREATE UNIQUE INDEX `unique_schema_migrations` ON `schema_migrations` (`version`)[0m
  [4;35;1mSQL (0.3ms)[0m   [0mSHOW TABLES[0m
  [4;36;1mSQL (0.4ms)[0m   [0;1mSELECT version FROM schema_migrations[0m
Migrating to CreateExpenses (20090714170636)
  [4;35;1mSQL (115.4ms)[0m   [0mCREATE TABLE `expenses` (`id` int(11) DEFAULT NULL auto_increment PRIMARY KEY, `description` varchar(255), `amount` float, `category` varchar(255), `bancomat` tinyint(1), `ufficio` tinyint(1), `buoni` int(11), `created_at` datetime, `updated_at` datetime) ENGINE=InnoDB[0m
  [4;36;1mSQL (70.5ms)[0m   [0;1mINSERT INTO schema_migrations (version) VALUES ('20090714170636')[0m
Migrating to AddDateToExpenses (20090714170717)
  [4;35;1mSQL (283.4ms)[0m   [0mALTER TABLE `expenses` ADD `date` date[0m
  [4;36;1mSQL (69.5ms)[0m   [0;1mINSERT INTO schema_migrations (version) VALUES ('20090714170717')[0m
  [4;35;1mSQL (0.4ms)[0m   [0mSHOW TABLES[0m
  [4;36;1mSQL (0.3ms)[0m   [0;1mSELECT version FROM schema_migrations[0m
  [4;35;1mSQL (0.3ms)[0m   [0mSHOW TABLES[0m
  [4;36;1mSQL (1.4ms)[0m   [0;1mSHOW FIELDS FROM `expenses`[0m
  [4;35;1mSQL (6.2ms)[0m   [0mdescribe `expenses`[0m
  [4;36;1mSQL (0.4ms)[0m   [0;1mSHOW KEYS FROM `expenses`[0m
  [4;36;1mSQL (0.1ms)[0m   [0;1mSET NAMES 'utf8'[0m
  [4;35;1mSQL (0.1ms)[0m   [0mSET SQL_AUTO_IS_NULL=0[0m
  [4;36;1mSQL (0.2ms)[0m   [0;1mSHOW TABLES[0m
  [4;35;1mSQL (0.1ms)[0m   [0mSELECT version FROM schema_migrations[0m
  [4;36;1mSQL (0.1ms)[0m   [0;1mSET NAMES 'utf8'[0m
  [4;35;1mSQL (0.1ms)[0m   [0mSET SQL_AUTO_IS_NULL=0[0m
  [4;36;1mSQL (0.3ms)[0m   [0;1mDROP DATABASE IF EXISTS `finanze_test`[0m
  [4;35;1mSQL (0.2ms)[0m   [0mCREATE DATABASE `finanze_test` DEFAULT CHARACTER SET `utf8`[0m
  [4;36;1mSQL (0.1ms)[0m   [0;1mSET NAMES 'utf8'[0m
  [4;35;1mSQL (0.1ms)[0m   [0mSET SQL_AUTO_IS_NULL=0[0m
  [4;36;1mSQL (0.2ms)[0m   [0;1mSHOW TABLES[0m
  [4;35;1mSQL (122.2ms)[0m   [0mCREATE TABLE `expenses` (`id` int(11) DEFAULT NULL auto_increment PRIMARY KEY, `description` varchar(255), `amount` float, `category` varchar(255), `bancomat` tinyint(1), `ufficio` tinyint(1), `buoni` int(11), `created_at` datetime, `updated_at` datetime, `date` date) ENGINE=InnoDB[0m
  [4;36;1mSQL (0.3ms)[0m   [0;1mSHOW TABLES[0m
  [4;35;1mSQL (122.8ms)[0m   [0mCREATE TABLE `schema_migrations` (`version` varchar(255) NOT NULL) ENGINE=InnoDB[0m
  [4;36;1mSQL (281.3ms)[0m   [0;1mCREATE UNIQUE INDEX `unique_schema_migrations` ON `schema_migrations` (`version`)[0m
  [4;35;1mSQL (0.4ms)[0m   [0mSHOW TABLES[0m
  [4;36;1mSQL (0.4ms)[0m   [0;1mSELECT version FROM `schema_migrations`[0m
  [4;35;1mSQL (63.3ms)[0m   [0mINSERT INTO `schema_migrations` (version) VALUES ('20090714170717')[0m
  [4;36;1mSQL (69.8ms)[0m   [0;1mINSERT INTO `schema_migrations` (version) VALUES ('20090714170636')[0m
